
           ___      .______        ______  __    __  .______      
          /   \     |   _  \      /      ||  |  |  | |   _  \     
         /  ^  \    |  |_)  |    |  ,----'|  |__|  | |  |_)  |    
        /  /_\  \   |      /     |  |     |   __   | |      /     
       /  _____  \  |  |\  \\___ |  `----.|  |  |  | |  |\  \\___.
      /__/     \__\ | _| `._____| \______||__|  |__| | _| `._____|
    
Logging With ArchR!

Start Time : 2024-09-06 14:55:33.509015

------- ArchR Info

ArchRThreads = 6

------- System Info

Computer OS = unix
Total Cores = 12

------- Session Info

R version 4.4.0 (2024-04-24)
Platform: x86_64-apple-darwin20
Running under: macOS Monterey 12.2

Matrix products: default
BLAS:   /System/Library/Frameworks/Accelerate.framework/Versions/A/Frameworks/vecLib.framework/Versions/A/libBLAS.dylib 
LAPACK: /Library/Frameworks/R.framework/Versions/4.4-x86_64/Resources/lib/libRlapack.dylib;  LAPACK version 3.12.0

Random number generation:
 RNG:     L'Ecuyer-CMRG 
 Normal:  Inversion 
 Sample:  Rejection 
 
locale:
[1] en_US.UTF-8/en_US.UTF-8/en_US.UTF-8/C/en_US.UTF-8/en_US.UTF-8

time zone: America/Toronto
tzcode source: internal

attached base packages:
 [1] parallel  stats4    grid      stats     graphics  grDevices utils     datasets  methods   base     

other attached packages:
 [1] circlize_0.4.16                           Cairo_1.6-2                               sctransform_0.4.1                         Signac_1.13.0                            
 [5] scran_1.32.0                              scuttle_1.14.0                            SingleCellExperiment_1.26.0               pheatmap_1.0.12                          
 [9] BSgenome.Dmelanogaster.UCSC.dm6_1.4.1     BSgenome_1.72.0                           BiocIO_1.14.0                             Biostrings_2.72.1                        
[13] XVector_0.44.0                            TxDb.Mmusculus.UCSC.mm10.ensGene_3.4.0    Seurat_5.1.0                              SeuratObject_5.0.2                       
[17] sp_2.1-4                                  pvclust_2.2-0                             proxy_0.4-27                              vegan_2.6-6.1                            
[21] lattice_0.22-6                            permute_0.9-7                             rtracklayer_1.64.0                        rhdf5_2.48.0                             
[25] SummarizedExperiment_1.34.0               MatrixGenerics_1.16.0                     Rcpp_1.0.13                               Matrix_1.7-0                             
[29] matrixStats_1.3.0                         data.table_1.15.4                         plyr_1.8.9                                magrittr_2.0.3                           
[33] gtable_0.3.5                              gtools_3.9.5                              ArchR_1.0.2                               Mus.musculus_1.3.1                       
[37] GO.db_3.19.1                              OrganismDbi_1.46.0                        Gviz_1.48.0                               enrichplot_1.24.0                        
[41] org.Mm.eg.db_3.19.1                       clusterProfiler_4.12.0                    TxDb.Mmusculus.UCSC.mm10.knownGene_3.10.0 GenomicFeatures_1.56.0                   
[45] AnnotationDbi_1.66.0                      Biobase_2.64.0                            ChIPseeker_1.40.0                         ChIPpeakAnno_3.38.0                      
[49] GenomicRanges_1.56.1                      GenomeInfoDb_1.40.1                       IRanges_2.38.0                            S4Vectors_0.42.0                         
[53] cowplot_1.1.3                             reshape_0.8.9                             ggtree_3.12.0                             ComplexHeatmap_2.20.0                    
[57] simplifyEnrichment_1.14.0                 BiocGenerics_0.50.0                       lubridate_1.9.3                           forcats_1.0.0                            
[61] stringr_1.5.1                             tibble_3.2.1                              tidyverse_2.0.0                           networkD3_0.4                            
[65] readr_2.1.5                               tidyr_1.3.1                               ggalluvial_0.12.5                         reshape2_1.4.4                           
[69] gridExtra_2.3                             purrr_1.0.2                               viridis_0.6.5                             viridisLite_0.4.2                        
[73] dplyr_1.1.4                               ggplot2_3.5.1                             shiny_1.8.1.1                            

loaded via a namespace (and not attached):
  [1] igraph_2.0.3                            graph_1.82.0                            ica_1.0-3                               plotly_4.10.4                          
  [5] Formula_1.2-5                           zlibbioc_1.50.0                         tidyselect_1.2.1                        bit_4.0.5                              
  [9] doParallel_1.0.17                       clue_0.3-65                             tm_0.7-13                               rjson_0.2.21                           
 [13] blob_1.2.4                              S4Arrays_1.4.1                          dichromat_2.0-0.1                       png_0.1-8                              
 [17] plotrix_3.8-4                           cli_3.6.3                               ggplotify_0.1.2                         ProtGenerics_1.36.0                    
 [21] sourcetools_0.1.7-1                     askpass_1.2.0                           multtest_2.60.0                         openssl_2.2.0                          
 [25] goftest_1.2-3                           universalmotif_1.22.0                   textshaping_0.4.0                       bluster_1.14.0                         
 [29] BiocNeighbors_1.22.0                    uwot_0.2.2                              shadowtext_0.1.4                        curl_5.2.1                             
 [33] mime_0.12                               evaluate_0.24.0                         tidytree_0.4.6                          leiden_0.4.3.1                         
 [37] stringi_1.8.4                           backports_1.5.0                         XML_3.99-0.17                           httpuv_1.6.15                          
 [41] umap_0.2.10.0                           rappdirs_0.3.3                          splines_4.4.0                           RcppRoll_0.3.1                         
 [45] jpeg_0.1-10                             ggraph_2.2.1                            org.Hs.eg.db_3.19.1                     TooManyCellsR_0.1.1.0                  
 [49] DBI_1.2.3                               jquerylib_0.1.4                         withr_3.0.0                             systemfonts_1.1.0                      
 [53] lmtest_0.9-40                           RBGL_1.80.0                             tidygraph_1.3.1                         formatR_1.14                           
 [57] BiocManager_1.30.23                     htmlwidgets_1.6.4                       fs_1.6.4                                biomaRt_2.60.0                         
 [61] ggrepel_0.9.5                           labeling_0.4.3                          SparseArray_1.4.8                       reticulate_1.38.0                      
 [65] VariantAnnotation_1.50.0                zoo_1.8-12                              knitr_1.48                              UCSC.utils_1.0.0                       
 [69] timechange_0.3.0                        foreach_1.5.2                           fansi_1.0.6                             patchwork_1.2.0                        
 [73] caTools_1.18.2                          pwalign_1.0.0                           RSpectra_0.16-2                         irlba_2.3.5.1                          
 [77] regioneR_1.36.0                         fastDummies_1.7.3                       gridGraphics_0.5-1                      lazyeval_0.2.2                         
 [81] yaml_2.3.9                              survival_3.7-0                          scattermore_1.2                         crayon_1.5.3                           
 [85] RcppAnnoy_0.0.22                        RColorBrewer_1.1-3                      progressr_0.14.0                        tweenr_2.0.3                           
 [89] later_1.3.2                             ggridges_0.5.6                          codetools_0.2-20                        base64enc_0.1-3                        
 [93] GlobalOptions_0.1.2                     KEGGREST_1.44.0                         Rtsne_0.17                              shape_1.4.6.1                          
 [97] limma_3.60.3                            Rsamtools_2.20.0                        filelock_1.0.3                          foreign_0.8-87                         
[101] pkgconfig_2.0.3                         xml2_1.3.6                              spatstat.univar_3.0-0                   GenomicAlignments_1.40.0               
[105] aplot_0.2.3                             spatstat.sparse_3.1-0                   ape_5.8                                 biovizBase_1.52.0                      
[109] TxDb.Hsapiens.UCSC.hg19.knownGene_3.2.2 xtable_1.8-4                            interp_1.1-6                            httr_1.4.7                             
[113] tools_4.4.0                             globals_0.16.3                          htmlTable_2.4.3                         checkmate_2.3.1                        
[117] nlme_3.1-165                            futile.logger_1.4.3                     lambda.r_1.2.4                          HDO.db_0.99.1                          
[121] dbplyr_2.5.0                            digest_0.6.36                           farver_2.1.2                            tzdb_0.4.0                             
[125] AnnotationFilter_1.28.0                 yulab.utils_0.1.4                       rpart_4.1.23                            glue_1.7.0                             
[129] cachem_1.1.0                            VennDiagram_1.7.3                       BiocFileCache_2.12.0                    polyclip_1.10-7                        
[133] Hmisc_5.1-3                             generics_0.1.3                          proxyC_0.4.1                            parallelly_1.37.1                      
[137] txdbmaker_1.0.0                         statmod_1.5.0                           RcppHNSW_0.6.0                          ragg_1.3.2                             
[141] ScaledMatrix_1.12.0                     pbapply_1.7-2                           httr2_1.0.2                             spam_2.10-0                            
[145] vroom_1.6.5                             gson_0.1.0                              dqrng_0.4.1                             utf8_1.2.4                             
[149] graphlayouts_1.1.1                      fontawesome_0.5.2                       GenomeInfoDbData_1.2.12                 rhdf5filters_1.16.0                    
[153] RCurl_1.98-1.16                         memoise_2.0.1                           rmarkdown_2.27                          chromoMap_4.1.1                        
[157] scales_1.3.0                            future_1.33.2                           RANN_2.6.1                              spatstat.data_3.1-2                    
[161] rstudioapi_0.16.0                       cluster_2.1.6                           spatstat.utils_3.0-5                    hms_1.1.3                              
[165] fitdistrplus_1.2-1                      munsell_0.5.1                           colorspace_2.1-0                        rlang_1.1.4                            
[169] sparseMatrixStats_1.16.0                DelayedMatrixStats_1.26.0               dotCall64_1.1-1                         ggforce_0.4.2                          
[173] mgcv_1.9-1                              xfun_0.46                               iterators_1.0.14                        abind_1.4-5                            
[177] GOSemSim_2.30.0                         treeio_1.28.0                           Rhdf5lib_1.26.0                         futile.options_1.0.1                   
[181] bitops_1.0-7                            promises_1.3.0                          InteractionSet_1.32.0                   scatterpie_0.2.3                       
[185] RSQLite_2.3.7                           qvalue_2.36.0                           fgsea_1.30.0                            DelayedArray_0.30.1                    
[189] compiler_4.4.0                          prettyunits_1.2.0                       beachmat_2.20.0                         boot_1.3-30                            
[193] listenv_0.9.1                           edgeR_4.2.0                             BiocSingular_1.20.0                     tensor_1.5                             
[197] MASS_7.3-61                             progress_1.2.3                          BiocParallel_1.38.0                     spatstat.random_3.3-1                  
[201] R6_2.5.1                                fastmap_1.2.0                           fastmatch_1.1-4                         ensembldb_2.28.0                       
[205] ROCR_1.0-11                             rsvd_1.0.5                              nnet_7.3-19                             KernSmooth_2.23-24                     
[209] latticeExtra_0.6-30                     miniUI_0.1.1.1                          deldir_2.0-4                            htmltools_0.5.8.1                      
[213] bit64_4.0.5                             spatstat.explore_3.3-1                  lifecycle_1.0.4                         NLP_0.2-1                              
[217] restfulr_0.0.15                         sass_0.4.9                              vctrs_0.6.5                             rsconnect_1.3.1                        
[221] slam_0.1-51                             spatstat.geom_3.3-2                     DOSE_3.30.1                             ggfun_0.1.5                            
[225] future.apply_1.11.2                     bslib_0.7.0                             pillar_1.9.0                            magick_2.8.4                           
[229] gplots_3.1.3.1                          metapod_1.12.0                          locfit_1.5-9.10                         jsonlite_1.8.8                         
[233] GetoptLong_1.0.5                       


------- Log Info


2024-09-06 14:55:33.70037 : plotEnrichHeatmap Input-Parameters, Class = list

plotEnrichHeatmap Input-Parameters$seEnrich: length = 884
class: SummarizedExperiment 
dim: 6 29 
metadata(0):
assays(10): mlog10Padj mlog10p ... CompareFrequency feature
rownames(6): Tcfap2a_1 Tcfap2b_2 ... Tcfap2d_5 Arid3b_6
rowData names(0):
colnames(29): Alveolar Macrophages Astrocytes ... Sinusoidal Endothelial Cells of Liver T Cells
colData names(0):


plotEnrichHeatmap Input-Parameters$pal: length = 100
[1] "#E6E7E8" "#E0E4E8" "#DBE2E9" "#D6DFEA" "#D1DDEA" "#CBDAEB"


plotEnrichHeatmap Input-Parameters$n: length = 1
[1] 20


plotEnrichHeatmap Input-Parameters$cutOff: length = 1
[1] 20


plotEnrichHeatmap Input-Parameters$pMax: length = 1
[1] Inf


plotEnrichHeatmap Input-Parameters$clusterCols: length = 1
[1] TRUE


plotEnrichHeatmap Input-Parameters$binaryClusterRows: length = 1
[1] TRUE


plotEnrichHeatmap Input-Parameters$labelRows: length = 1
[1] TRUE


plotEnrichHeatmap Input-Parameters$rastr: length = 1
[1] TRUE


plotEnrichHeatmap Input-Parameters$transpose: length = 1
[1] TRUE


plotEnrichHeatmap Input-Parameters$returnMatrix: length = 1
[1] TRUE


plotEnrichHeatmap Input-Parameters$logFile: length = 1
[1] "ArchRLogs/ArchR-plotEnrichHeatmap-352d7fe3bdab-Date-2024-09-06_Time-14-55-33.50704.log"



2024-09-06 14:55:34.011359 : mat-mlog10Padj, Class = data.frame
mat-mlog10Padj: nRows = 884, nCols = 29
          Alveolar Macrophages Astrocytes B Cells Cardiomyocytes Clara Cells Collecting Duct Cells Dendritic Cells Distal Convoluted Tubule Cells Endothelial Cells Enterocytes
Tcfap2a_1                    0         27      29             20           6                    25              29                             95                12          19
Tcfap2b_2                    0         15      12             15           5                    26               6                             50                10           8
Tcfap2c_3                    0         51      73             24          13                    32              59                            111                13          10
Tcfap2e_4                    0          5       5              7           4                    20               3                             52                 7          10
Tcfap2d_5                    0        108     248             18          16                     5             198                             77                23           5
Arid3b_6                     0          0       0              0           0                     7               0                              0                 0           0
          Enteroendocrine Cells Fibroblasts Goblet Cells Hepatocytes Macrophages Mesothelial Cells Microglial Cells NA Neurons Oligodendrocyte Oligodendrocyte Precursor Cells
Tcfap2a_1                  0.90          23            6          15           0                16                6  0       2              36                              12
Tcfap2b_2                  0.00          22            3          10           0                 7                5  0       0               4                               0
Tcfap2c_3                  2.60          39            5          28           0                26                9  0       8              62                              30
Tcfap2e_4                  0.08          10            5           4           0                 9                4  0       0               3                               0
Tcfap2d_5                  0.06          38            6          57           0                48               11  0      51             142                              98
Arid3b_6                   0.00           0            0           0           0                 0                0  0       0               0                               0
          Pancreatic Acinar Cells Pancreatic Beta Cells Paneth Cells Proximal Tubule Cells Pulmonary Alveolar Type I Pulmonary alveolar type II Sinusoidal Endothelial Cells of Liver
Tcfap2a_1                      22                   0.4           28                   9.6                         2                          5                                     3
Tcfap2b_2                       7                   0.0           14                  12.5                         4                          7                                     2
Tcfap2c_3                      39                   2.4           44                   9.9                         2                          9                                     8
Tcfap2e_4                       5                   0.0            9                   8.8                         4                          5                                     3
Tcfap2d_5                      93                   9.7           64                   0.8                         0                         16                                     5
Arid3b_6                        0                   4.6            0                   3.5                         0                          0                                     0
          T Cells
Tcfap2a_1      27
Tcfap2b_2       2
Tcfap2c_3      41
Tcfap2e_4       3
Tcfap2d_5     139
Arid3b_6        0



2024-09-06 14:55:34.026585 : mat-mlog10Padj-Filter, Class = data.frame
mat-mlog10Padj-Filter: nRows = 180, nCols = 29
           Alveolar Macrophages Astrocytes B Cells Cardiomyocytes Clara Cells Collecting Duct Cells Dendritic Cells Distal Convoluted Tubule Cells Endothelial Cells Enterocytes
Sfpi1_265                  1353          0     705              0           0                     0             377                              0                 8           0
Spic_269                    672          0     426              0           0                     0             303                              0                47           0
Elf1_285                    562          0     545              0           0                     0             611                              0                91          38
Elf5_281                    486          0     276              0           0                     0             212                              0                31          77
Ehf_275                     464          0     347              0           0                     0             267                              0                29          58
Gm4881_293                  389          0     598              0           0                     0             879                              0               234           3
           Enteroendocrine Cells Fibroblasts Goblet Cells Hepatocytes Macrophages Mesothelial Cells Microglial Cells NA Neurons Oligodendrocyte Oligodendrocyte Precursor Cells
Sfpi1_265                      0           0            0           0        3011                 0              552  0       0               0                               0
Spic_269                       0           0            0           0        1609                 0              351  0       0               0                               0
Elf1_285                       0           0           30           0        1393                 0              323  0       0               0                               0
Elf5_281                       0           0           50           0         959                 0              190  0       0               0                               0
Ehf_275                        0           0           39           0         968                 0              191  0       0               0                               0
Gm4881_293                     0          10            7           0        1105                 0              305  0       0               0                               0
           Pancreatic Acinar Cells Pancreatic Beta Cells Paneth Cells Proximal Tubule Cells Pulmonary Alveolar Type I Pulmonary alveolar type II Sinusoidal Endothelial Cells of Liver
Sfpi1_265                        0                     0            0                     0                         0                          0                                    11
Spic_269                         0                     0            0                     0                         0                          0                                    18
Elf1_285                         0                     0            9                     0                         0                          0                                    41
Elf5_281                         0                     0           12                     0                         0                          0                                    27
Ehf_275                          0                     0           11                     0                         0                          0                                    19
Gm4881_293                       0                     0            5                     0                         0                          0                                    95
           T Cells
Sfpi1_265       27
Spic_269        74
Elf1_285       499
Elf5_281       116
Ehf_275        151
Gm4881_293     992



2024-09-06 14:55:34.266367 : passMat, Class = data.frame
passMat: nRows = 180, nCols = 29
           Alveolar Macrophages Astrocytes B Cells Cardiomyocytes Clara Cells Collecting Duct Cells Dendritic Cells Distal Convoluted Tubule Cells Endothelial Cells Enterocytes
Sfpi1_265                     0          0       0              0           0                     0               0                              0                 0           0
Spic_269                      0          0       0              0           0                     0               0                              0                 0           0
Elf1_285                      0          0       0              0           0                     0               0                              0                 0           0
Elf5_281                      0          0       0              0           0                     0               0                              0                 0           0
Ehf_275                       0          0       0              0           0                     0               0                              0                 0           0
Gm4881_293                    0          0       0              0           0                     0               0                              0                 0           0
           Enteroendocrine Cells Fibroblasts Goblet Cells Hepatocytes Macrophages Mesothelial Cells Microglial Cells NA Neurons Oligodendrocyte Oligodendrocyte Precursor Cells
Sfpi1_265                      0           0            0           0           1                 0                0  0       0               0                               0
Spic_269                       0           0            0           0           1                 0                0  0       0               0                               0
Elf1_285                       0           0            0           0           1                 0                0  0       0               0                               0
Elf5_281                       0           0            0           0           1                 0                0  0       0               0                               0
Ehf_275                        0           0            0           0           1                 0                0  0       0               0                               0
Gm4881_293                     0           0            0           0           1                 0                0  0       0               0                               0
           Pancreatic Acinar Cells Pancreatic Beta Cells Paneth Cells Proximal Tubule Cells Pulmonary Alveolar Type I Pulmonary alveolar type II Sinusoidal Endothelial Cells of Liver
Sfpi1_265                        0                     0            0                     0                         0                          0                                     0
Spic_269                         0                     0            0                     0                         0                          0                                     0
Elf1_285                         0                     0            0                     0                         0                          0                                     0
Elf5_281                         0                     0            0                     0                         0                          0                                     0
Ehf_275                          0                     0            0                     0                         0                          0                                     0
Gm4881_293                       0                     0            0                     0                         0                          0                                     0
           T Cells
Sfpi1_265        0
Spic_269         0
Elf1_285         0
Elf5_281         0
Ehf_275          0
Gm4881_293       0



2024-09-06 14:55:34.289046 : mat-mlog10Padj-RowScale, Class = list

mat-mlog10Padj-RowScale$mat: nRows = 180, nCols = 29
                 Alveolar Macrophages Astrocytes B Cells Cardiomyocytes Clara Cells
Sfpi1_265 (3011)                  0.4          0     0.2              0           0
Spic_269 (1609)                   0.4          0     0.3              0           0
Elf1_285 (1393)                   0.4          0     0.4              0           0
Elf5_281 (959)                    0.5          0     0.3              0           0
Ehf_275 (968)                     0.5          0     0.4              0           0


mat-mlog10Padj-RowScale$min: length = 1
[1] 0


mat-mlog10Padj-RowScale$max: length = 180
 Sfpi1_265   Spic_269   Elf1_285   Elf5_281    Ehf_275 Gm4881_293 
      3011       1609       1393        959        968       1105 



2024-09-06 14:55:34.296335 : mat-mlog10Padj-RowScale-Plot, Class = matrix
 
2024-09-06 14:55:34.296335 : mat-mlog10Padj-RowScale-Plot, Class = array
                 Alveolar Macrophages Astrocytes B Cells Cardiomyocytes Clara Cells
Gabpa_273 (455)                    25          0      67              0           0
Gm4881_292 (455)                   25          0      67              0           0
Ets2_828 (455)                     25          0      67              0           0
Fev_291 (397)                      24          0      68              0           0
Runx1_712 (351)                    46          0      11              0           4

mat-mlog10Padj-RowScale-Plot: nRows = 180, nCols = 29

