
           ___      .______        ______  __    __  .______      
          /   \     |   _  \      /      ||  |  |  | |   _  \     
         /  ^  \    |  |_)  |    |  ,----'|  |__|  | |  |_)  |    
        /  /_\  \   |      /     |  |     |   __   | |      /     
       /  _____  \  |  |\  \\___ |  `----.|  |  |  | |  |\  \\___.
      /__/     \__\ | _| `._____| \______||__|  |__| | _| `._____|
    
Logging With ArchR!

Start Time : 2024-09-06 14:46:39.817883

------- ArchR Info

ArchRThreads = 6

------- System Info

Computer OS = unix
Total Cores = 12

------- Session Info

R version 4.4.0 (2024-04-24)
Platform: x86_64-apple-darwin20
Running under: macOS Monterey 12.2

Matrix products: default
BLAS:   /System/Library/Frameworks/Accelerate.framework/Versions/A/Frameworks/vecLib.framework/Versions/A/libBLAS.dylib 
LAPACK: /Library/Frameworks/R.framework/Versions/4.4-x86_64/Resources/lib/libRlapack.dylib;  LAPACK version 3.12.0

Random number generation:
 RNG:     L'Ecuyer-CMRG 
 Normal:  Inversion 
 Sample:  Rejection 
 
locale:
[1] en_US.UTF-8/en_US.UTF-8/en_US.UTF-8/C/en_US.UTF-8/en_US.UTF-8

time zone: America/Toronto
tzcode source: internal

attached base packages:
 [1] parallel  stats4    grid      stats     graphics  grDevices utils     datasets  methods   base     

other attached packages:
 [1] Cairo_1.6-2                               sctransform_0.4.1                        
 [3] Signac_1.13.0                             scran_1.32.0                             
 [5] scuttle_1.14.0                            SingleCellExperiment_1.26.0              
 [7] pheatmap_1.0.12                           BSgenome.Dmelanogaster.UCSC.dm6_1.4.1    
 [9] BSgenome_1.72.0                           BiocIO_1.14.0                            
[11] Biostrings_2.72.1                         XVector_0.44.0                           
[13] TxDb.Mmusculus.UCSC.mm10.ensGene_3.4.0    Seurat_5.1.0                             
[15] SeuratObject_5.0.2                        sp_2.1-4                                 
[17] pvclust_2.2-0                             proxy_0.4-27                             
[19] vegan_2.6-6.1                             lattice_0.22-6                           
[21] permute_0.9-7                             rtracklayer_1.64.0                       
[23] rhdf5_2.48.0                              SummarizedExperiment_1.34.0              
[25] MatrixGenerics_1.16.0                     Rcpp_1.0.13                              
[27] Matrix_1.7-0                              matrixStats_1.3.0                        
[29] data.table_1.15.4                         plyr_1.8.9                               
[31] magrittr_2.0.3                            gtable_0.3.5                             
[33] gtools_3.9.5                              ArchR_1.0.2                              
[35] Mus.musculus_1.3.1                        GO.db_3.19.1                             
[37] OrganismDbi_1.46.0                        Gviz_1.48.0                              
[39] enrichplot_1.24.0                         org.Mm.eg.db_3.19.1                      
[41] clusterProfiler_4.12.0                    TxDb.Mmusculus.UCSC.mm10.knownGene_3.10.0
[43] GenomicFeatures_1.56.0                    AnnotationDbi_1.66.0                     
[45] Biobase_2.64.0                            ChIPseeker_1.40.0                        
[47] ChIPpeakAnno_3.38.0                       GenomicRanges_1.56.1                     
[49] GenomeInfoDb_1.40.1                       IRanges_2.38.0                           
[51] S4Vectors_0.42.0                          cowplot_1.1.3                            
[53] reshape_0.8.9                             ggtree_3.12.0                            
[55] ComplexHeatmap_2.20.0                     simplifyEnrichment_1.14.0                
[57] BiocGenerics_0.50.0                       lubridate_1.9.3                          
[59] forcats_1.0.0                             stringr_1.5.1                            
[61] tibble_3.2.1                              tidyverse_2.0.0                          
[63] networkD3_0.4                             readr_2.1.5                              
[65] tidyr_1.3.1                               ggalluvial_0.12.5                        
[67] reshape2_1.4.4                            gridExtra_2.3                            
[69] purrr_1.0.2                               viridis_0.6.5                            
[71] viridisLite_0.4.2                         dplyr_1.1.4                              
[73] ggplot2_3.5.1                             shiny_1.8.1.1                            

loaded via a namespace (and not attached):
  [1] igraph_2.0.3                            graph_1.82.0                            ica_1.0-3                              
  [4] plotly_4.10.4                           Formula_1.2-5                           zlibbioc_1.50.0                        
  [7] tidyselect_1.2.1                        bit_4.0.5                               doParallel_1.0.17                      
 [10] clue_0.3-65                             tm_0.7-13                               rjson_0.2.21                           
 [13] blob_1.2.4                              S4Arrays_1.4.1                          dichromat_2.0-0.1                      
 [16] png_0.1-8                               plotrix_3.8-4                           cli_3.6.3                              
 [19] ggplotify_0.1.2                         ProtGenerics_1.36.0                     sourcetools_0.1.7-1                    
 [22] askpass_1.2.0                           multtest_2.60.0                         openssl_2.2.0                          
 [25] goftest_1.2-3                           universalmotif_1.22.0                   textshaping_0.4.0                      
 [28] bluster_1.14.0                          BiocNeighbors_1.22.0                    uwot_0.2.2                             
 [31] shadowtext_0.1.4                        curl_5.2.1                              mime_0.12                              
 [34] evaluate_0.24.0                         tidytree_0.4.6                          leiden_0.4.3.1                         
 [37] stringi_1.8.4                           backports_1.5.0                         XML_3.99-0.17                          
 [40] httpuv_1.6.15                           umap_0.2.10.0                           rappdirs_0.3.3                         
 [43] splines_4.4.0                           RcppRoll_0.3.1                          jpeg_0.1-10                            
 [46] ggraph_2.2.1                            org.Hs.eg.db_3.19.1                     TooManyCellsR_0.1.1.0                  
 [49] DBI_1.2.3                               jquerylib_0.1.4                         withr_3.0.0                            
 [52] systemfonts_1.1.0                       lmtest_0.9-40                           RBGL_1.80.0                            
 [55] tidygraph_1.3.1                         formatR_1.14                            BiocManager_1.30.23                    
 [58] htmlwidgets_1.6.4                       fs_1.6.4                                biomaRt_2.60.0                         
 [61] ggrepel_0.9.5                           labeling_0.4.3                          SparseArray_1.4.8                      
 [64] reticulate_1.38.0                       VariantAnnotation_1.50.0                zoo_1.8-12                             
 [67] knitr_1.48                              UCSC.utils_1.0.0                        timechange_0.3.0                       
 [70] foreach_1.5.2                           fansi_1.0.6                             patchwork_1.2.0                        
 [73] caTools_1.18.2                          pwalign_1.0.0                           RSpectra_0.16-2                        
 [76] irlba_2.3.5.1                           regioneR_1.36.0                         fastDummies_1.7.3                      
 [79] gridGraphics_0.5-1                      lazyeval_0.2.2                          yaml_2.3.9                             
 [82] survival_3.7-0                          scattermore_1.2                         crayon_1.5.3                           
 [85] RcppAnnoy_0.0.22                        RColorBrewer_1.1-3                      progressr_0.14.0                       
 [88] tweenr_2.0.3                            later_1.3.2                             ggridges_0.5.6                         
 [91] codetools_0.2-20                        base64enc_0.1-3                         GlobalOptions_0.1.2                    
 [94] KEGGREST_1.44.0                         Rtsne_0.17                              shape_1.4.6.1                          
 [97] limma_3.60.3                            Rsamtools_2.20.0                        filelock_1.0.3                         
[100] foreign_0.8-87                          pkgconfig_2.0.3                         xml2_1.3.6                             
[103] spatstat.univar_3.0-0                   GenomicAlignments_1.40.0                aplot_0.2.3                            
[106] spatstat.sparse_3.1-0                   ape_5.8                                 biovizBase_1.52.0                      
[109] TxDb.Hsapiens.UCSC.hg19.knownGene_3.2.2 xtable_1.8-4                            interp_1.1-6                           
[112] httr_1.4.7                              tools_4.4.0                             globals_0.16.3                         
[115] htmlTable_2.4.3                         checkmate_2.3.1                         nlme_3.1-165                           
[118] futile.logger_1.4.3                     lambda.r_1.2.4                          HDO.db_0.99.1                          
[121] dbplyr_2.5.0                            digest_0.6.36                           farver_2.1.2                           
[124] tzdb_0.4.0                              AnnotationFilter_1.28.0                 yulab.utils_0.1.4                      
[127] rpart_4.1.23                            glue_1.7.0                              cachem_1.1.0                           
[130] VennDiagram_1.7.3                       BiocFileCache_2.12.0                    polyclip_1.10-7                        
[133] Hmisc_5.1-3                             generics_0.1.3                          proxyC_0.4.1                           
[136] parallelly_1.37.1                       txdbmaker_1.0.0                         statmod_1.5.0                          
[139] RcppHNSW_0.6.0                          ragg_1.3.2                              ScaledMatrix_1.12.0                    
[142] pbapply_1.7-2                           httr2_1.0.2                             spam_2.10-0                            
[145] vroom_1.6.5                             gson_0.1.0                              dqrng_0.4.1                            
[148] utf8_1.2.4                              graphlayouts_1.1.1                      fontawesome_0.5.2                      
[151] GenomeInfoDbData_1.2.12                 rhdf5filters_1.16.0                     RCurl_1.98-1.16                        
[154] memoise_2.0.1                           rmarkdown_2.27                          chromoMap_4.1.1                        
[157] scales_1.3.0                            future_1.33.2                           RANN_2.6.1                             
[160] spatstat.data_3.1-2                     rstudioapi_0.16.0                       cluster_2.1.6                          
[163] spatstat.utils_3.0-5                    hms_1.1.3                               fitdistrplus_1.2-1                     
[166] munsell_0.5.1                           colorspace_2.1-0                        rlang_1.1.4                            
[169] sparseMatrixStats_1.16.0                DelayedMatrixStats_1.26.0               dotCall64_1.1-1                        
[172] ggforce_0.4.2                           circlize_0.4.16                         mgcv_1.9-1                             
[175] xfun_0.46                               iterators_1.0.14                        abind_1.4-5                            
[178] GOSemSim_2.30.0                         treeio_1.28.0                           Rhdf5lib_1.26.0                        
[181] futile.options_1.0.1                    bitops_1.0-7                            promises_1.3.0                         
[184] InteractionSet_1.32.0                   scatterpie_0.2.3                        RSQLite_2.3.7                          
[187] qvalue_2.36.0                           fgsea_1.30.0                            DelayedArray_0.30.1                    
[190] compiler_4.4.0                          prettyunits_1.2.0                       beachmat_2.20.0                        
[193] boot_1.3-30                             listenv_0.9.1                           edgeR_4.2.0                            
[196] BiocSingular_1.20.0                     tensor_1.5                              MASS_7.3-61                            
[199] progress_1.2.3                          BiocParallel_1.38.0                     spatstat.random_3.3-1                  
[202] R6_2.5.1                                fastmap_1.2.0                           fastmatch_1.1-4                        
[205] ensembldb_2.28.0                        ROCR_1.0-11                             rsvd_1.0.5                             
[208] nnet_7.3-19                             KernSmooth_2.23-24                      latticeExtra_0.6-30                    
[211] miniUI_0.1.1.1                          deldir_2.0-4                            htmltools_0.5.8.1                      
[214] bit64_4.0.5                             spatstat.explore_3.3-1                  lifecycle_1.0.4                        
[217] NLP_0.2-1                               restfulr_0.0.15                         sass_0.4.9                             
[220] vctrs_0.6.5                             rsconnect_1.3.1                         slam_0.1-51                            
[223] spatstat.geom_3.3-2                     DOSE_3.30.1                             ggfun_0.1.5                            
[226] future.apply_1.11.2                     bslib_0.7.0                             pillar_1.9.0                           
[229] gplots_3.1.3.1                          metapod_1.12.0                          locfit_1.5-9.10                        
[232] jsonlite_1.8.8                          GetoptLong_1.0.5                       


------- Log Info


2024-09-06 14:46:39.969352 : plotEnrichHeatmap Input-Parameters, Class = list

plotEnrichHeatmap Input-Parameters$seEnrich: length = 884
class: SummarizedExperiment 
dim: 6 9 
metadata(0):
assays(10): mlog10Padj mlog10p ... CompareFrequency feature
rownames(6): Tcfap2a_1 Tcfap2b_2 ... Tcfap2d_5 Arid3b_6
rowData names(0):
colnames(9): Brain Colon ... Small_Intestine Spleen
colData names(0):


plotEnrichHeatmap Input-Parameters$pal: length = 100
[1] "#E6E7E8" "#E0E4E8" "#DBE2E9" "#D6DFEA" "#D1DDEA" "#CBDAEB"


plotEnrichHeatmap Input-Parameters$n: length = 1
[1] 7


plotEnrichHeatmap Input-Parameters$cutOff: length = 1
[1] 20


plotEnrichHeatmap Input-Parameters$pMax: length = 1
[1] Inf


plotEnrichHeatmap Input-Parameters$clusterCols: length = 1
[1] TRUE


plotEnrichHeatmap Input-Parameters$binaryClusterRows: length = 1
[1] TRUE


plotEnrichHeatmap Input-Parameters$labelRows: length = 1
[1] TRUE


plotEnrichHeatmap Input-Parameters$rastr: length = 1
[1] TRUE


plotEnrichHeatmap Input-Parameters$transpose: length = 1
[1] TRUE


plotEnrichHeatmap Input-Parameters$returnMatrix: length = 1
[1] TRUE


plotEnrichHeatmap Input-Parameters$logFile: length = 1
[1] "ArchRLogs/ArchR-plotEnrichHeatmap-352d5c4f49bc-Date-2024-09-06_Time-14-46-39.801169.log"



2024-09-06 14:46:40.04608 : mat-mlog10Padj, Class = data.frame
mat-mlog10Padj: nRows = 884, nCols = 9
          Brain Colon Heart Kidney Liver Lung Pancreas Small_Intestine Spleen
Tcfap2a_1     5     8    16     26     2  0.0        9              12  3.540
Tcfap2b_2     0     3     9     22     4  0.0        6              12  0.002
Tcfap2c_3    13     7    18     23     8  0.0       15               9 10.064
Tcfap2e_4     0     5     6     23     1  0.4        3              10  0.000
Tcfap2d_5    48     5    15      5    14  0.0       22               3 27.635
Arid3b_6      0     0     0      2     0  0.0        0               0  0.000



2024-09-06 14:46:40.053499 : mat-mlog10Padj-Filter, Class = data.frame
mat-mlog10Padj-Filter: nRows = 55, nCols = 9
         Brain Colon Heart Kidney Liver Lung Pancreas Small_Intestine Spleen
Rfx2_707   315     0     0    0.0     0   21        0               0      0
Rfx8_711   315     0     0    0.0     0   21        0               0      0
Rfx1_708   256     0     0    0.0     0   23        0               0      0
Rfx4_706   196     0     0    0.0     0   23        0               0      0
Egr1_190   173     0     4    0.6     0    1        5               0     31
Rfx6_705   152     0     0    0.0     0   13        0               0      0



2024-09-06 14:46:40.087426 : passMat, Class = data.frame
passMat: nRows = 55, nCols = 9
         Brain Colon Heart Kidney Liver Lung Pancreas Small_Intestine Spleen
Rfx2_707     1     0     0      0     0    0        0               0      0
Rfx8_711     1     0     0      0     0    0        0               0      0
Rfx1_708     1     0     0      0     0    0        0               0      0
Rfx4_706     1     0     0      0     0    0        0               0      0
Egr1_190     1     0     0      0     0    0        0               0      0
Rfx6_705     1     0     0      0     0    0        0               0      0



2024-09-06 14:46:40.096707 : mat-mlog10Padj-RowScale, Class = list

mat-mlog10Padj-RowScale$mat: nRows = 55, nCols = 9
               Brain Colon Heart Kidney Liver
Rfx2_707 (315)     1     0  0.00  0.000     0
Rfx8_711 (315)     1     0  0.00  0.000     0
Rfx1_708 (256)     1     0  0.00  0.000     0
Rfx4_706 (196)     1     0  0.00  0.000     0
Egr1_190 (173)     1     0  0.02  0.004     0


mat-mlog10Padj-RowScale$min: length = 1
[1] 0


mat-mlog10Padj-RowScale$max: length = 55
Rfx2_707 Rfx8_711 Rfx1_708 Rfx4_706 Egr1_190 Rfx6_705 
     315      315      256      196      173      152 



2024-09-06 14:46:40.104437 : mat-mlog10Padj-RowScale-Plot, Class = matrix
 
2024-09-06 14:46:40.104437 : mat-mlog10Padj-RowScale-Plot, Class = array
               Brain Colon Heart Kidney Liver
Klf1_214 (869)     0    68   0.6      0     0
Klf8_194 (827)     0    55   0.8      0     0
Klf4_143 (689)     0    62   2.8      0     0
Klf6_794 (790)     0    53   0.8      0     0
Klf3_804 (790)     0    53   0.8      0     0

mat-mlog10Padj-RowScale-Plot: nRows = 55, nCols = 9

